<?xml version="1.0" encoding="UTF-8" standalone="yes" ?>
<test-results name="C:\Users\Vinicius Ribeiro\Documents\Projetos\CoworkCommander\src\Win32\Debug\CoworkingCommanderTests.exe" total="21" errors="1" failures="0" ignored="0" inconclusive="0" not-run="0" skipped="0" invalid="0" date="2023-09-01" time="179.530">
  <culture-info current-culture="en" current-uiculture="en" />
  <test-suite type="Assembly" name="CoworkingCommanderTests.exe" executed="true" result="Failure" success="False" time="179.530" asserts="0">
    <results>
        <test-suite type="Namespace" name="SecurityTests" executed="true" result="Success" success="True" time="179.530" asserts="0" >
          <results>
              <test-suite type="Fixture" name="TSecurityTests" executed="True" result="Success" success="True" time="179.530" >
                <results>
                  <test-case name="TestHashPassword" executed="True" result="Success" success="True" time="0.000" asserts="0" />
                  <test-case name="TestIsHash" executed="True" result="Success" success="True" time="0.000" asserts="0" />
                </results>
              </test-suite>
          </results>
        </test-suite>
        <test-suite type="Namespace" name="UserDAOTest" executed="true" result="Success" success="True" time="179.528" asserts="0" >
          <results>
              <test-suite type="Fixture" name="TUserDAOTest" executed="True" result="Success" success="True" time="179.528" >
                <results>
                  <test-case name="TestInsertAndSelect" executed="True" result="Error" success="False" time="2.269" asserts="0" >
                    <failure>
                      <message>
                        <![CDATA[ Erro ao inserir o usuário: [FireDAC][Phys][FB]violation of PRIMARY or UNIQUE KEY constraint "INTEG_11" on table "CADUSU"
Problematic key value is ("NOME_USU" = 'testNOME_USU') ]]>
                      </message>
                      <stack-trace>
                        <![CDATA[  ]]>
                      </stack-trace>
                    </failure>
                  </test-case>
                  <test-case name="TestUpdate" executed="True" result="Success" success="True" time="2.064" asserts="0" />
                  <test-case name="TestGetAll" executed="True" result="Success" success="True" time="2.063" asserts="0" />
                  <test-case name="TestSelectByUsername" executed="True" result="Success" success="True" time="170.970" asserts="0" />
                  <test-case name="TestDelete" executed="True" result="Success" success="True" time="2.065" asserts="0" />
                </results>
              </test-suite>
          </results>
        </test-suite>
        <test-suite type="Namespace" name="UserValidatorTest" executed="true" result="Success" success="True" time="0.061" asserts="0" >
          <results>
              <test-suite type="Fixture" name="TUserValidatorTest" executed="True" result="Success" success="True" time="0.061" >
                <results>
                  <test-case name="TestValidUser" executed="True" result="Success" success="True" time="0.000" asserts="0" />
                  <test-case name="TestUsernameEmpty" executed="True" result="Success" success="True" time="0.000" asserts="0" />
                  <test-case name="TestUsernameTooShort" executed="True" result="Success" success="True" time="0.000" asserts="0" />
                  <test-case name="TestPasswordEmpty" executed="True" result="Success" success="True" time="0.000" asserts="0" />
                  <test-case name="TestPasswordTooShort" executed="True" result="Success" success="True" time="0.000" asserts="0" />
                </results>
              </test-suite>
          </results>
        </test-suite>
        <test-suite type="Namespace" name="UserControllerTests" executed="true" result="Success" success="True" time="0.036" asserts="0" >
          <results>
              <test-suite type="Fixture" name="TUserControllerTest" executed="True" result="Success" success="True" time="0.036" >
                <results>
                  <test-case name="UpdateUser_WithValidParameters_ShouldReturnTrue" executed="True" result="Success" success="True" time="0.000" asserts="0" />
                  <test-case name="DeleteUser_WithValidParameters_ShouldReturnTrue" executed="True" result="Success" success="True" time="0.000" asserts="0" />
                  <test-case name="GetUser_WithValidID_ShouldReturnUser" executed="True" result="Success" success="True" time="0.000" asserts="0" />
                  <test-case name="GetAllUsers_ShouldReturnList" executed="True" result="Success" success="True" time="0.000" asserts="0" />
                  <test-case name="AuthenticateUser_WithValidCredentials_ShouldReturnTrue" executed="True" result="Success" success="True" time="0.000" asserts="0" />
                </results>
              </test-suite>
          </results>
        </test-suite>
        <test-suite type="Namespace" name="UserModelTests" executed="true" result="Success" success="True" time="0.012" asserts="0" >
          <results>
              <test-suite type="Fixture" name="TUserModelTests" executed="True" result="Success" success="True" time="0.012" >
                <results>
                  <test-case name="TestCreateUser" executed="True" result="Success" success="True" time="0.000" asserts="0" />
                  <test-case name="TestSetAndGetNOME_USU" executed="True" result="Success" success="True" time="0.000" asserts="0" />
                  <test-case name="TestSetAndGetPASS_USU" executed="True" result="Success" success="True" time="0.000" asserts="0" />
                  <test-case name="TestSetAndGetCODI_USU" executed="True" result="Success" success="True" time="0.000" asserts="0" />
                </results>
              </test-suite>
          </results>
        </test-suite>
    </results>
  </test-suite>
</test-results>
